{"AppointmentID":0,"AppointmentTime":"2024-10-29T13:30:00Z","DoctorID":"dc-c06e436c-2872-4b17-a353-0cf70f849f6c","Function":"ConfirmAppointment","PatientID":"pt-3317e7bc-a276-4217-9d48-a6ae8fb04fb2","level":"info","msg":"Starting appointment confirmation","time":"2024-11-06T11:58:38+05:30"}
{"Function":"ConfirmAppointment","Message":"No slot available. Suggested next slot: 5:30 PM","level":"info","msg":"Doctor is not available at requested time","time":"2024-11-06T11:58:38+05:30"}
{"Function":"FetchStatisticsDetails","Param":"day","level":"info","msg":"Fetching statistics details","time":"2024-11-06T12:42:55+05:30"}
{"error":"rpc error: code = Unknown desc = failed to get total revenue","level":"error","msg":"Failed to fetch total revenue","time":"2024-11-06T12:42:55+05:30"}
{"Function":"FetchStatisticsDetails","Param":"week","level":"info","msg":"Fetching statistics details","time":"2024-11-06T12:43:18+05:30"}
{"level":"info","msg":"Statistics details fetched successfully","time":"2024-11-06T12:43:18+05:30"}
{"Function":"FetchStatisticsDetails","Param":"month","level":"info","msg":"Fetching statistics details","time":"2024-11-06T12:43:20+05:30"}
{"level":"info","msg":"Statistics details fetched successfully","time":"2024-11-06T12:43:20+05:30"}
{"Function":"FetchStatisticsDetails","Param":"week","level":"info","msg":"Fetching statistics details","time":"2024-11-06T12:55:05+05:30"}
{"level":"info","msg":"Statistics details fetched successfully","time":"2024-11-06T12:55:05+05:30"}
{"Function":"FetchStatisticsDetails","Param":"year","level":"info","msg":"Fetching statistics details","time":"2024-11-06T12:55:07+05:30"}
{"level":"info","msg":"Statistics details fetched successfully","time":"2024-11-06T12:55:07+05:30"}
{"Function":"AddSpecialization","Name":"Eye","level":"info","msg":"Adding a new specialization","time":"2024-11-06T12:58:01+05:30"}
{"level":"info","msg":"Specialization added successfully","time":"2024-11-06T12:58:01+05:30"}
{"Function":"FetchStatisticsDetails","Param":"day","level":"info","msg":"Fetching statistics details","time":"2024-11-06T13:52:36+05:30"}
{"error":"rpc error: code = Unknown desc = failed to get total revenue","level":"error","msg":"Failed to fetch total revenue","time":"2024-11-06T13:52:36+05:30"}
{"Function":"FetchStatisticsDetails","Param":"week","level":"info","msg":"Fetching statistics details","time":"2024-11-06T13:52:37+05:30"}
{"level":"info","msg":"Statistics details fetched successfully","time":"2024-11-06T13:52:37+05:30"}
{"level":"info","msg":"Sending daily appointment alerts","time":"2024-11-07T17:08:00+05:30"}
{"error":"rpc error: code = Unavailable desc = connection error: desc = \"transport: Error while dialing: dial tcp 127.0.0.1:50051: connect: connection refused\"","level":"warning","msg":"Failed to fetch patient profile, skipping reminder","time":"2024-11-07T17:08:00+05:30"}
{"level":"info","msg":"Daily appointment alerts sent","time":"2024-11-07T17:08:00+05:30"}
{"level":"info","msg":"Sending daily appointment alerts","time":"2024-11-07T17:12:00+05:30"}
{"error":"rpc error: code = Unavailable desc = connection error: desc = \"transport: Error while dialing: dial tcp 127.0.0.1:50051: connect: connection refused\"","level":"warning","msg":"Failed to fetch patient profile, skipping reminder","time":"2024-11-07T17:12:00+05:30"}
{"level":"info","msg":"Daily appointment alerts sent","time":"2024-11-07T17:12:00+05:30"}
